2025-04-06T10:46:41.305Z [error]: MongoDB connection error: The `uri` parameter to `openUri()` must be a string, got "undefined". Make sure the first parameter to `mongoose.connect()` or `mongoose.createConnection()` is a string.
2025-04-06T10:46:43.254Z [error]: MongoDB connection error: The `uri` parameter to `openUri()` must be a string, got "undefined". Make sure the first parameter to `mongoose.connect()` or `mongoose.createConnection()` is a string.
2025-04-06T10:48:42.844Z [error]: MongoDB connection error: The `uri` parameter to `openUri()` must be a string, got "undefined". Make sure the first parameter to `mongoose.connect()` or `mongoose.createConnection()` is a string.
2025-04-06T10:49:50.314Z [error]: MongoDB connection error: The `uri` parameter to `openUri()` must be a string, got "undefined". Make sure the first parameter to `mongoose.connect()` or `mongoose.createConnection()` is a string.
2025-04-06T10:53:50.308Z [[31merror[39m]: MongoDB connection error: The `uri` parameter to `openUri()` must be a string, got "undefined". Make sure the first parameter to `mongoose.connect()` or `mongoose.createConnection()` is a string. {"stack":"MongooseError: The `uri` parameter to `openUri()` must be a string, got \"undefined\". Make sure the first parameter to `mongoose.connect()` or `mongoose.createConnection()` is a string.\n    at NativeConnection.createClient (D:\\4th_sem\\my_projects\\project_final\\backend\\node_modules\\mongoose\\lib\\drivers\\node-mongodb-native\\connection.js:236:11)\n    at NativeConnection.openUri (D:\\4th_sem\\my_projects\\project_final\\backend\\node_modules\\mongoose\\lib\\connection.js:1071:34)\n    at Mongoose.connect (D:\\4th_sem\\my_projects\\project_final\\backend\\node_modules\\mongoose\\lib\\mongoose.js:450:15)\n    at Object.<anonymous> (D:\\4th_sem\\my_projects\\project_final\\backend\\app.js:29:10)\n    at Module._compile (node:internal/modules/cjs/loader:1554:14)\n    at Object..js (node:internal/modules/cjs/loader:1706:10)\n    at Module.load (node:internal/modules/cjs/loader:1289:32)\n    at Function._load (node:internal/modules/cjs/loader:1108:12)\n    at TracingChannel.traceSync (node:diagnostics_channel:322:14)\n    at wrapModuleLoad (node:internal/modules/cjs/loader:220:24)"}
2025-04-06T10:53:58.357Z [[31merror[39m]: MongoDB connection error: The `uri` parameter to `openUri()` must be a string, got "undefined". Make sure the first parameter to `mongoose.connect()` or `mongoose.createConnection()` is a string. {"stack":"MongooseError: The `uri` parameter to `openUri()` must be a string, got \"undefined\". Make sure the first parameter to `mongoose.connect()` or `mongoose.createConnection()` is a string.\n    at NativeConnection.createClient (D:\\4th_sem\\my_projects\\project_final\\backend\\node_modules\\mongoose\\lib\\drivers\\node-mongodb-native\\connection.js:236:11)\n    at NativeConnection.openUri (D:\\4th_sem\\my_projects\\project_final\\backend\\node_modules\\mongoose\\lib\\connection.js:1071:34)\n    at Mongoose.connect (D:\\4th_sem\\my_projects\\project_final\\backend\\node_modules\\mongoose\\lib\\mongoose.js:450:15)\n    at Object.<anonymous> (D:\\4th_sem\\my_projects\\project_final\\backend\\app.js:28:10)\n    at Module._compile (node:internal/modules/cjs/loader:1554:14)\n    at Object..js (node:internal/modules/cjs/loader:1706:10)\n    at Module.load (node:internal/modules/cjs/loader:1289:32)\n    at Function._load (node:internal/modules/cjs/loader:1108:12)\n    at TracingChannel.traceSync (node:diagnostics_channel:322:14)\n    at wrapModuleLoad (node:internal/modules/cjs/loader:220:24)"}
2025-04-06T10:54:13.623Z [[31merror[39m]: MongoDB connection error: The `uri` parameter to `openUri()` must be a string, got "undefined". Make sure the first parameter to `mongoose.connect()` or `mongoose.createConnection()` is a string. {"stack":"MongooseError: The `uri` parameter to `openUri()` must be a string, got \"undefined\". Make sure the first parameter to `mongoose.connect()` or `mongoose.createConnection()` is a string.\n    at NativeConnection.createClient (D:\\4th_sem\\my_projects\\project_final\\backend\\node_modules\\mongoose\\lib\\drivers\\node-mongodb-native\\connection.js:236:11)\n    at NativeConnection.openUri (D:\\4th_sem\\my_projects\\project_final\\backend\\node_modules\\mongoose\\lib\\connection.js:1071:34)\n    at Mongoose.connect (D:\\4th_sem\\my_projects\\project_final\\backend\\node_modules\\mongoose\\lib\\mongoose.js:450:15)\n    at Object.<anonymous> (D:\\4th_sem\\my_projects\\project_final\\backend\\app.js:26:10)\n    at Module._compile (node:internal/modules/cjs/loader:1554:14)\n    at Object..js (node:internal/modules/cjs/loader:1706:10)\n    at Module.load (node:internal/modules/cjs/loader:1289:32)\n    at Function._load (node:internal/modules/cjs/loader:1108:12)\n    at TracingChannel.traceSync (node:diagnostics_channel:322:14)\n    at wrapModuleLoad (node:internal/modules/cjs/loader:220:24)"}
2025-04-06T10:54:19.331Z [[31merror[39m]: MongoDB connection error: The `uri` parameter to `openUri()` must be a string, got "undefined". Make sure the first parameter to `mongoose.connect()` or `mongoose.createConnection()` is a string. {"stack":"MongooseError: The `uri` parameter to `openUri()` must be a string, got \"undefined\". Make sure the first parameter to `mongoose.connect()` or `mongoose.createConnection()` is a string.\n    at NativeConnection.createClient (D:\\4th_sem\\my_projects\\project_final\\backend\\node_modules\\mongoose\\lib\\drivers\\node-mongodb-native\\connection.js:236:11)\n    at NativeConnection.openUri (D:\\4th_sem\\my_projects\\project_final\\backend\\node_modules\\mongoose\\lib\\connection.js:1071:34)\n    at Mongoose.connect (D:\\4th_sem\\my_projects\\project_final\\backend\\node_modules\\mongoose\\lib\\mongoose.js:450:15)\n    at Object.<anonymous> (D:\\4th_sem\\my_projects\\project_final\\backend\\app.js:26:10)\n    at Module._compile (node:internal/modules/cjs/loader:1554:14)\n    at Object..js (node:internal/modules/cjs/loader:1706:10)\n    at Module.load (node:internal/modules/cjs/loader:1289:32)\n    at Function._load (node:internal/modules/cjs/loader:1108:12)\n    at TracingChannel.traceSync (node:diagnostics_channel:322:14)\n    at wrapModuleLoad (node:internal/modules/cjs/loader:220:24)"}
2025-04-06T18:37:02.397Z [[33mwarn[39m]: Validation failed: [{"type":"field","value":"akhil@123","msg":"Invalid value","path":"email","location":"body"}]
2025-04-06T18:39:10.736Z [[33mwarn[39m]: Validation failed: [{"type":"field","value":"akhil@123","msg":"Invalid value","path":"email","location":"body"},{"type":"field","msg":"Invalid value","path":"name","location":"body"},{"type":"field","value":"","msg":"Invalid value","path":"name","location":"body"}]
2025-04-06T18:39:31.122Z [[33mwarn[39m]: Validation failed: [{"type":"field","value":"akhil@123","msg":"Invalid value","path":"email","location":"body"},{"type":"field","msg":"Invalid value","path":"name","location":"body"},{"type":"field","value":"","msg":"Invalid value","path":"name","location":"body"}]
2025-04-06T18:43:01.030Z [[33mwarn[39m]: Validation failed: [{"type":"field","value":"akhil@123","msg":"Invalid value","path":"email","location":"body"},{"type":"field","msg":"Invalid value","path":"name","location":"body"},{"type":"field","value":"","msg":"Invalid value","path":"name","location":"body"}]
2025-04-06T18:50:57.050Z [[33mwarn[39m]: Validation failed: [{"type":"field","msg":"Invalid value","path":"password","location":"body"},{"type":"field","msg":"Invalid value","path":"userType","location":"body"},{"type":"field","msg":"Invalid value","path":"email","location":"body"},{"type":"field","msg":"Invalid value","path":"name","location":"body"},{"type":"field","value":"","msg":"Invalid value","path":"name","location":"body"}]
2025-04-06T18:52:34.935Z [[33mwarn[39m]: Validation failed: [{"type":"field","msg":"Invalid value","path":"userType","location":"body"}]
2025-04-06T18:53:35.757Z [[33mwarn[39m]: Validation failed: [{"type":"field","msg":"Invalid value","path":"userType","location":"body"}]
2025-04-06T18:53:59.584Z [[33mwarn[39m]: Validation failed: [{"type":"field","msg":"Invalid value","path":"userType","location":"body"}]
2025-04-06T20:45:12.785Z [[32minfo[39m]: New user registered: akhilkumar0514@gmail.com
2025-04-07T19:46:07.330Z [[32minfo[39m]: New user registered: mahi825285@gmamil.com
2025-04-07T19:47:38.401Z [[32minfo[39m]: New user registered: mahi825285@gmail.com
2025-04-09T20:22:46.198Z [[32minfo[39m]: New user registered: akhilkumar0514@gmail.com
2025-04-09T20:23:14.733Z [[32minfo[39m]: User logged in: akhilkumar0514@gmail.com
2025-04-09T20:23:36.362Z [[32minfo[39m]: User logged in: akhilkumar0514@gmail.com
2025-04-09T20:23:45.248Z [[32minfo[39m]: User logged in: akhilkumar0514@gmail.com
2025-04-09T20:23:52.314Z [[32minfo[39m]: User logged in: akhilkumar0514@gmail.com
2025-04-09T20:23:54.017Z [[32minfo[39m]: User logged in: akhilkumar0514@gmail.com
2025-04-09T20:23:54.345Z [[32minfo[39m]: User logged in: akhilkumar0514@gmail.com
2025-04-09T20:23:54.766Z [[32minfo[39m]: User logged in: akhilkumar0514@gmail.com
2025-04-09T20:27:09.533Z [[32minfo[39m]: User logged in: akhilkumar0514@gmail.com
2025-04-09T20:34:02.276Z [[32minfo[39m]: User logged in: akhilkumar0514@gmail.com
2025-04-09T20:38:39.724Z [[32minfo[39m]: User logged in: akhilkumar0514@gmail.com
2025-04-09T21:03:43.184Z [[31merror[39m]: Authentication failed:
2025-04-09T21:03:43.200Z [[31merror[39m]: Authentication failed:
2025-04-09T21:03:57.462Z [[31merror[39m]: Authentication failed:
2025-04-09T21:07:39.440Z [[31merror[39m]: Authentication failed:
2025-04-09T21:08:55.752Z [[31merror[39m]: Authentication failed:
2025-04-09T23:43:15.012Z [[32minfo[39m]: New user registered: akhilkumar1453@gmail.com
2025-04-10T06:54:04.446Z [[32minfo[39m]: New user registered: mehtaprince6926@gmail.com
2025-04-12T20:22:48.200Z [[32minfo[39m]: User logged in: sk5063440@gmail.com
2025-04-14T15:56:16.937Z [[32minfo[39m]: User logged in: amitkr0136@gmail.com
2025-04-23T14:37:15.249Z [[32minfo[39m]: User logged in: akhilkumar0514@gmail.com
2025-04-23T16:38:05.767Z [[32minfo[39m]: User logged in: akhilkumar0514@gmail.com
